<?xml version="1.0" encoding="UTF-8"?>
<!-- Generated by org.testng.reporters.JUnitReportReporter -->
<testsuite hostname="DESKTOP-B624D8U" failures="0" tests="1" name="testNGTestCases.Validate" time="4.225" errors="0" timestamp="2024-02-07T08:30:42 IST" skipped="0">
  <testcase classname="testNGTestCases.Validate" name="validatePlanResultsCoverFox" time="4.225"/>
  <system-out>
    <![CDATA[Opening Browser 
Closing Browser ]]>
  </system-out>
</testsuite> <!-- testNGTestCases.Validate -->
