<?xml version="1.0" encoding="UTF-8"?>
<!-- Generated by org.testng.reporters.JUnitReportReporter -->
<testsuite hostname="DESKTOP-B624D8U" failures="0" tests="2" name="testNGTestCases.TC001_Validate_error_Webpage" time="0.029" errors="0" timestamp="2024-02-10T12:13:31 IST" skipped="0">
  <testcase classname="testNGTestCases.TC001_Validate_error_Webpage" name="validate_reference_message" time="0.011"/>
  <testcase classname="testNGTestCases.TC001_Validate_error_Webpage" name="validate_error_message" time="0.018"/>
  <system-out>
    <![CDATA[Opening Browser 
Closing Browser ]]>
  </system-out>
</testsuite> <!-- testNGTestCases.TC001_Validate_error_Webpage -->
