<?xml version="1.0" encoding="UTF-8"?>
<!-- Generated by org.testng.reporters.JUnitReportReporter -->
<testsuite hostname="DESKTOP-B624D8U" failures="0" tests="2" name="testNGTestCases.TC001_Validate_Elements_On_HomePage" time="14.508" errors="0" timestamp="2024-02-11T22:34:21 IST" skipped="0">
  <testcase classname="testNGTestCases.TC001_Validate_Elements_On_HomePage" name="validate_dispalyOf_Watch_Demo_button_From_Home_Page" time="5.819">
    <system-out>
      <![CDATA[TC validate_dispalyOf_Watch_Demo_button_From_Home_Page Execution started
TC validate_dispalyOf_Watch_Demo_button_From_Home_Page Execution successful
TC validate_dispalyOf_Watch_Demo_button_From_Home_Page Execution Started
listener is running]]>
    </system-out>
  </testcase> <!-- validate_dispalyOf_Watch_Demo_button_From_Home_Page -->
  <testcase classname="testNGTestCases.TC001_Validate_Elements_On_HomePage" name="validate_Sign_In_Button_Enabled_from_Home_Page" time="8.689">
    <system-out>
      <![CDATA[TC validate_Sign_In_Button_Enabled_from_Home_Page Execution started
TC validate_Sign_In_Button_Enabled_from_Home_Page Execution successful
TC validate_Sign_In_Button_Enabled_from_Home_Page Execution Started
listener is running]]>
    </system-out>
  </testcase> <!-- validate_Sign_In_Button_Enabled_from_Home_Page -->
  <system-out>
    <![CDATA[Opening Browser 
TC validate_Property_Manager_Login_Link_correctly_navigating_to_desired_Page Execution started
TC validate_Property_Manager_Login_Link_correctly_navigating_to_desired_Page Execution successful
TC validate_Property_Manager_Login_Link_correctly_navigating_to_desired_Page Execution Started
listener is running
Closing Browser 
Opening Browser 
TC Verify_Schedule_Demo_button_displaying Execution started
TC Verify_Schedule_Demo_button_displaying Execution successful
TC Verify_Schedule_Demo_button_displaying Execution Started
listener is running
Closing Browser 
Opening Browser 
TC validate_Sign_In_Button_Enabled_from_Home_Page Execution started
TC validate_Sign_In_Button_Enabled_from_Home_Page Execution successful
TC validate_Sign_In_Button_Enabled_from_Home_Page Execution Started
listener is running
Closing Browser 
Opening Browser 
TC validate_dispalyOf_Watch_Demo_button_From_Home_Page Execution started
TC validate_dispalyOf_Watch_Demo_button_From_Home_Page Execution successful
TC validate_dispalyOf_Watch_Demo_button_From_Home_Page Execution Started
listener is running
Closing Browser ]]>
  </system-out>
</testsuite> <!-- testNGTestCases.TC001_Validate_Elements_On_HomePage -->
