<?xml version="1.0" encoding="UTF-8"?>
<!-- Generated by org.testng.reporters.JUnitReportReporter -->
<testsuite hostname="DESKTOP-B624D8U" failures="0" tests="1" name="coverFoxTestNGTestCases.ValidatePlanResult_PropertiesFileData" time="4.286" errors="0" timestamp="2024-02-07T00:53:30 IST" skipped="0">
  <testcase classname="coverFoxTestNGTestCases.ValidatePlanResult_PropertiesFileData" name="validatePlanResultsCoverFox" time="4.286"/>
  <system-out>
    <![CDATA[Opening Browser 
Closing Browser ]]>
  </system-out>
</testsuite> <!-- coverFoxTestNGTestCases.ValidatePlanResult_PropertiesFileData -->
