<?xml version="1.0" encoding="UTF-8"?>
<!-- Generated by org.testng.reporters.JUnitReportReporter -->
<testsuite hostname="DESKTOP-B624D8U" failures="0" tests="1" name="coverFoxTestNGTestCases.ValidatePlanResult_PropertiesFileData" time="28.905" errors="0" timestamp="2024-01-18T01:07:45 IST" skipped="0">
  <testcase classname="coverFoxTestNGTestCases.ValidatePlanResult_PropertiesFileData" name="validatePlanResultsCoverFox" time="28.905">
    <system-out>
      <![CDATA[Validating expected and actual result ]]>
    </system-out>
  </testcase> <!-- validatePlanResultsCoverFox -->
  <system-out>
    <![CDATA[Opening Browser 
Validating expected and actual result 
Closing Browser ]]>
  </system-out>
</testsuite> <!-- coverFoxTestNGTestCases.ValidatePlanResult_PropertiesFileData -->
